Arguments: 
  /Users/thor3/.nvm/versions/node/v17.5.0/bin/node /Users/thor3/.yarn/bin/yarn.js add atomic-algolia

PATH: 
  /Users/thor3/.yarn/bin:/Users/thor3/.config/yarn/global/node_modules/.bin:/opt/homebrew/opt/gnu-sed/libexec/gnubin:/Users/thor3/.nvm/versions/node/v17.5.0/bin:/opt/homebrew/bin:/opt/homebrew/sbin:/usr/local/bin:/usr/bin:/bin:/usr/sbin:/sbin:/usr/local/aria2/bin:/usr/local/MacGPG2/bin:/Applications/Little Snitch.app/Contents/Components:/Library/Apple/usr/bin:/Users/thor3/.cargo/bin:/opt/homebrew/include/:/opt/homebrew/Cellar/gmp/6.2.1_1/include/gmp.h

Yarn version: 
  1.22.17

Node version: 
  17.5.0

Platform: 
  darwin arm64

Trace: 
  SyntaxError: /Users/thor3/Music/package.json: Unexpected token < in JSON at position 1287
      at JSON.parse (<anonymous>)
      at /Users/thor3/.yarn/lib/cli.js:1625:59
      at Generator.next (<anonymous>)
      at step (/Users/thor3/.yarn/lib/cli.js:310:30)
      at /Users/thor3/.yarn/lib/cli.js:321:13

npm manifest: 
  {
    "name": "hugo-congo-theme",
    "version": "2.0.5",
    "description": "Congo theme for Hugo",
    "main": "index.js",
    "scripts": {
      "preinstall": "rimraf assets/vendor",
      "postinstall": "vendor-copy",
      "assets": "rimraf assets/vendor && vendor-copy",
      "dev": "NODE_ENV=development ./node_modules/tailwindcss/lib/cli.js -i ./assets/css/main.css -o ./assets/css/compiled/main.css --jit -w",
      "build": "NODE_ENV=production ./node_modules/tailwindcss/lib/cli.js -i ./assets/css/main.css -o ./assets/css/compiled/main.css --jit",
      "example": "hugo server --source exampleSite --themesDir ../.. --buildDrafts -b http://localhost/congo/ -p 8008",
      "lighthouse": "lhci autorun"
    },
    "repository": {
      "type": "git",
      "url": "git+https://github.com/jpanther/congo.git"
    },
    "keywords": [
      "hugo",
      "hugo-theme",
      "tailwind",
      "dark-mode"
    ],
    "author": "James Panther",
    "license": "MIT",
    "bugs": {
      "url": "https://github.com/jpanther/congo/issues"
    },
    "homepage": "https://github.com/jpanther/congo#readme",
    "devDependencies": {
      "@tailwindcss/typography": "^0.5.2",
      "chart.js": "^3.7.1",
      "fuse.js": "^6.5.3",
      "katex": "^0.15.2",
      "mermaid": "^8.14.0",
      "prettier": "^2.3.2",
      "prettier-plugin-go-template": "^0.0.11",
      "rimraf": "^3.0.2",
      "tailwindcss": "^3.0.23",
      "vendor-copy": "^3.0.1"
    },
    "vendorCopy": [],
    "devVendorCopy": [
      {
        "from": "node_modules/mermaid/dist/mermaid.min.js",
        "to": "assets/lib/mermaid/mermaid.min.js"
      },
      {
        "from": "node_modules/chart.js/dist/chart.min.js",
        "to": "assets/lib/chart/chart.min.js"
      },
      {
        "from": "node_modules/katex/dist/katex.min.js",
        "to": "assets/lib/katex/katex.min.js"
      },
      {
        "from": "node_modules/katex/dist/katex.min.css",
        "to": "assets/lib/katex/katex.min.css"
      },
      {
        "from": "node_modules/katex/dist/contrib/auto-render.min.js",
        "to": "assets/lib/katex/auto-render.min.js"
      },
      {
        "from": "node_modules/katex/dist/fonts/",
        "to": "assets/lib/katex/fonts/"
      },
      {
        "from": "node_modules/fuse.js/dist/fuse.min.js",
        "to": "assets/lib/fuse/fuse.min.js"
      }
    ]
  }

yarn manifest: 
  No manifest

Lockfile: 
  No lockfile
